{"/home/basiliuswicaksono/AA-Hacktiv8/Phase_3/Final project/Q/server/app.js": {"path":"/home/basiliuswicaksono/AA-Hacktiv8/Phase_3/Final project/Q/server/app.js","statementMap":{"0":{"start":{"line":1,"column":0},"end":{"line":3,"column":1}},"1":{"start":{"line":2,"column":2},"end":{"line":2,"column":29}},"2":{"start":{"line":4,"column":16},"end":{"line":4,"column":34}},"3":{"start":{"line":5,"column":15},"end":{"line":5,"column":34}},"4":{"start":{"line":6,"column":13},"end":{"line":6,"column":28}},"5":{"start":{"line":7,"column":19},"end":{"line":7,"column":54}},"6":{"start":{"line":9,"column":13},"end":{"line":9,"column":37}},"7":{"start":{"line":10,"column":12},"end":{"line":10,"column":21}},"8":{"start":{"line":12,"column":0},"end":{"line":12,"column":16}},"9":{"start":{"line":13,"column":0},"end":{"line":13,"column":48}},"10":{"start":{"line":14,"column":0},"end":{"line":14,"column":24}},"11":{"start":{"line":15,"column":0},"end":{"line":15,"column":16}},"12":{"start":{"line":16,"column":0},"end":{"line":16,"column":20}},"13":{"start":{"line":18,"column":0},"end":{"line":18,"column":21}}},"fnMap":{},"branchMap":{"0":{"loc":{"start":{"line":1,"column":0},"end":{"line":3,"column":1}},"type":"if","locations":[{"start":{"line":1,"column":0},"end":{"line":3,"column":1}},{"start":{"line":1,"column":0},"end":{"line":3,"column":1}}],"line":1},"1":{"loc":{"start":{"line":9,"column":13},"end":{"line":9,"column":37}},"type":"binary-expr","locations":[{"start":{"line":9,"column":13},"end":{"line":9,"column":29}},{"start":{"line":9,"column":33},"end":{"line":9,"column":37}}],"line":9}},"s":{"0":4,"1":4,"2":4,"3":4,"4":4,"5":4,"6":4,"7":4,"8":4,"9":4,"10":4,"11":4,"12":4,"13":4},"f":{},"b":{"0":[4,0],"1":[4,4]},"_coverageSchema":"1a1c01bbd47fc00a2c39e90264f33305004495a9","hash":"c2f58ef9faeb652efcd7239db932e44550033416"}
,"/home/basiliuswicaksono/AA-Hacktiv8/Phase_3/Final project/Q/server/firebaseInit.js": {"path":"/home/basiliuswicaksono/AA-Hacktiv8/Phase_3/Final project/Q/server/firebaseInit.js","statementMap":{"0":{"start":{"line":3,"column":14},"end":{"line":3,"column":39}},"1":{"start":{"line":14,"column":0},"end":{"line":17,"column":3}},"2":{"start":{"line":19,"column":18},"end":{"line":19,"column":35}},"3":{"start":{"line":21,"column":0},"end":{"line":21,"column":30}}},"fnMap":{},"branchMap":{},"s":{"0":4,"1":4,"2":4,"3":4},"f":{},"b":{},"_coverageSchema":"1a1c01bbd47fc00a2c39e90264f33305004495a9","hash":"642a9699d43467156f788e54b3785e2fdab5435c"}
,"/home/basiliuswicaksono/AA-Hacktiv8/Phase_3/Final project/Q/server/notify.js": {"path":"/home/basiliuswicaksono/AA-Hacktiv8/Phase_3/Final project/Q/server/notify.js","statementMap":{"0":{"start":{"line":1,"column":22},"end":{"line":1,"column":47}},"1":{"start":{"line":3,"column":33},"end":{"line":22,"column":1}},"2":{"start":{"line":6,"column":2},"end":{"line":21,"column":7}},"3":{"start":{"line":10,"column":24},"end":{"line":11,"column":15}},"4":{"start":{"line":10,"column":55},"end":{"line":10,"column":73}},"5":{"start":{"line":12,"column":23},"end":{"line":13,"column":15}},"6":{"start":{"line":12,"column":54},"end":{"line":12,"column":73}},"7":{"start":{"line":14,"column":6},"end":{"line":17,"column":8}},"8":{"start":{"line":20,"column":6},"end":{"line":20,"column":51}},"9":{"start":{"line":24,"column":0},"end":{"line":24,"column":45}}},"fnMap":{"0":{"name":"(anonymous_0)","decl":{"start":{"line":3,"column":33},"end":{"line":3,"column":34}},"loc":{"start":{"line":3,"column":51},"end":{"line":22,"column":1}},"line":3},"1":{"name":"(anonymous_1)","decl":{"start":{"line":8,"column":10},"end":{"line":8,"column":11}},"loc":{"start":{"line":8,"column":22},"end":{"line":18,"column":5}},"line":8},"2":{"name":"(anonymous_2)","decl":{"start":{"line":10,"column":50},"end":{"line":10,"column":51}},"loc":{"start":{"line":10,"column":55},"end":{"line":10,"column":73}},"line":10},"3":{"name":"(anonymous_3)","decl":{"start":{"line":12,"column":49},"end":{"line":12,"column":50}},"loc":{"start":{"line":12,"column":54},"end":{"line":12,"column":73}},"line":12},"4":{"name":"(anonymous_4)","decl":{"start":{"line":19,"column":11},"end":{"line":19,"column":12}},"loc":{"start":{"line":19,"column":20},"end":{"line":21,"column":5}},"line":19}},"branchMap":{},"s":{"0":4,"1":4,"2":0,"3":0,"4":0,"5":0,"6":0,"7":0,"8":0,"9":4},"f":{"0":0,"1":0,"2":0,"3":0,"4":0},"b":{},"_coverageSchema":"1a1c01bbd47fc00a2c39e90264f33305004495a9","hash":"825b714890c093fc0b824484f119a1d68cd37127"}
,"/home/basiliuswicaksono/AA-Hacktiv8/Phase_3/Final project/Q/server/controllers/AdminController.js": {"path":"/home/basiliuswicaksono/AA-Hacktiv8/Phase_3/Final project/Q/server/controllers/AdminController.js","statementMap":{"0":{"start":{"line":1,"column":27},"end":{"line":1,"column":47}},"1":{"start":{"line":2,"column":24},"end":{"line":2,"column":51}},"2":{"start":{"line":3,"column":26},"end":{"line":3,"column":50}},"3":{"start":{"line":7,"column":53},"end":{"line":7,"column":61}},"4":{"start":{"line":8,"column":16},"end":{"line":8,"column":56}},"5":{"start":{"line":9,"column":4},"end":{"line":17,"column":19}},"6":{"start":{"line":11,"column":8},"end":{"line":14,"column":10}},"7":{"start":{"line":15,"column":8},"end":{"line":15,"column":68}},"8":{"start":{"line":20,"column":32},"end":{"line":20,"column":40}},"9":{"start":{"line":21,"column":4},"end":{"line":42,"column":19}},"10":{"start":{"line":23,"column":8},"end":{"line":40,"column":9}},"11":{"start":{"line":24,"column":10},"end":{"line":28,"column":12}},"12":{"start":{"line":30,"column":24},"end":{"line":34,"column":11}},"13":{"start":{"line":35,"column":21},"end":{"line":35,"column":29}},"14":{"start":{"line":36,"column":22},"end":{"line":36,"column":44}},"15":{"start":{"line":37,"column":10},"end":{"line":39,"column":68}},"16":{"start":{"line":45,"column":63},"end":{"line":45,"column":71}},"17":{"start":{"line":46,"column":16},"end":{"line":46,"column":66}},"18":{"start":{"line":47,"column":4},"end":{"line":47,"column":58}},"19":{"start":{"line":48,"column":4},"end":{"line":52,"column":18}},"20":{"start":{"line":50,"column":8},"end":{"line":50,"column":75}},"21":{"start":{"line":55,"column":32},"end":{"line":55,"column":40}},"22":{"start":{"line":56,"column":4},"end":{"line":78,"column":19}},"23":{"start":{"line":58,"column":8},"end":{"line":76,"column":9}},"24":{"start":{"line":59,"column":10},"end":{"line":63,"column":12}},"25":{"start":{"line":65,"column":24},"end":{"line":70,"column":11}},"26":{"start":{"line":71,"column":21},"end":{"line":71,"column":29}},"27":{"start":{"line":72,"column":22},"end":{"line":72,"column":44}},"28":{"start":{"line":73,"column":10},"end":{"line":75,"column":68}},"29":{"start":{"line":82,"column":0},"end":{"line":82,"column":28}}},"fnMap":{"0":{"name":"(anonymous_0)","decl":{"start":{"line":6,"column":2},"end":{"line":6,"column":3}},"loc":{"start":{"line":6,"column":39},"end":{"line":18,"column":3}},"line":6},"1":{"name":"(anonymous_1)","decl":{"start":{"line":10,"column":12},"end":{"line":10,"column":13}},"loc":{"start":{"line":10,"column":22},"end":{"line":16,"column":7}},"line":10},"2":{"name":"(anonymous_2)","decl":{"start":{"line":19,"column":2},"end":{"line":19,"column":3}},"loc":{"start":{"line":19,"column":36},"end":{"line":43,"column":3}},"line":19},"3":{"name":"(anonymous_3)","decl":{"start":{"line":22,"column":12},"end":{"line":22,"column":13}},"loc":{"start":{"line":22,"column":22},"end":{"line":41,"column":7}},"line":22},"4":{"name":"(anonymous_4)","decl":{"start":{"line":44,"column":2},"end":{"line":44,"column":3}},"loc":{"start":{"line":44,"column":41},"end":{"line":53,"column":3}},"line":44},"5":{"name":"(anonymous_5)","decl":{"start":{"line":49,"column":12},"end":{"line":49,"column":13}},"loc":{"start":{"line":49,"column":20},"end":{"line":51,"column":7}},"line":49},"6":{"name":"(anonymous_6)","decl":{"start":{"line":54,"column":2},"end":{"line":54,"column":3}},"loc":{"start":{"line":54,"column":38},"end":{"line":79,"column":3}},"line":54},"7":{"name":"(anonymous_7)","decl":{"start":{"line":57,"column":12},"end":{"line":57,"column":13}},"loc":{"start":{"line":57,"column":22},"end":{"line":77,"column":7}},"line":57}},"branchMap":{"0":{"loc":{"start":{"line":23,"column":8},"end":{"line":40,"column":9}},"type":"if","locations":[{"start":{"line":23,"column":8},"end":{"line":40,"column":9}},{"start":{"line":23,"column":8},"end":{"line":40,"column":9}}],"line":23},"1":{"loc":{"start":{"line":23,"column":12},"end":{"line":23,"column":58}},"type":"binary-expr","locations":[{"start":{"line":23,"column":12},"end":{"line":23,"column":17}},{"start":{"line":23,"column":21},"end":{"line":23,"column":58}}],"line":23},"2":{"loc":{"start":{"line":58,"column":8},"end":{"line":76,"column":9}},"type":"if","locations":[{"start":{"line":58,"column":8},"end":{"line":76,"column":9}},{"start":{"line":58,"column":8},"end":{"line":76,"column":9}}],"line":58},"3":{"loc":{"start":{"line":58,"column":12},"end":{"line":58,"column":58}},"type":"binary-expr","locations":[{"start":{"line":58,"column":12},"end":{"line":58,"column":17}},{"start":{"line":58,"column":21},"end":{"line":58,"column":58}}],"line":58}},"s":{"0":4,"1":4,"2":4,"3":4,"4":4,"5":4,"6":1,"7":1,"8":4,"9":4,"10":4,"11":3,"12":1,"13":1,"14":1,"15":1,"16":1,"17":1,"18":1,"19":1,"20":1,"21":2,"22":2,"23":2,"24":1,"25":1,"26":1,"27":1,"28":1,"29":4},"f":{"0":4,"1":1,"2":4,"3":4,"4":1,"5":1,"6":2,"7":2},"b":{"0":[3,1],"1":[4,1],"2":[1,1],"3":[2,2]},"_coverageSchema":"1a1c01bbd47fc00a2c39e90264f33305004495a9","hash":"79b0a3c59f33a0004929bb622757b7b51d636adb"}
,"/home/basiliuswicaksono/AA-Hacktiv8/Phase_3/Final project/Q/server/controllers/CustomerController.js": {"path":"/home/basiliuswicaksono/AA-Hacktiv8/Phase_3/Final project/Q/server/controllers/CustomerController.js","statementMap":{"0":{"start":{"line":1,"column":21},"end":{"line":1,"column":41}},"1":{"start":{"line":2,"column":26},"end":{"line":2,"column":50}},"2":{"start":{"line":3,"column":24},"end":{"line":3,"column":51}},"3":{"start":{"line":7,"column":53},"end":{"line":7,"column":61}},"4":{"start":{"line":8,"column":4},"end":{"line":12,"column":18}},"5":{"start":{"line":10,"column":8},"end":{"line":10,"column":132}},"6":{"start":{"line":15,"column":32},"end":{"line":15,"column":40}},"7":{"start":{"line":16,"column":4},"end":{"line":29,"column":18}},"8":{"start":{"line":18,"column":8},"end":{"line":18,"column":82}},"9":{"start":{"line":18,"column":23},"end":{"line":18,"column":82}},"10":{"start":{"line":19,"column":25},"end":{"line":19,"column":65}},"11":{"start":{"line":20,"column":8},"end":{"line":20,"column":84}},"12":{"start":{"line":20,"column":25},"end":{"line":20,"column":84}},"13":{"start":{"line":21,"column":22},"end":{"line":25,"column":9}},"14":{"start":{"line":26,"column":20},"end":{"line":26,"column":42}},"15":{"start":{"line":27,"column":8},"end":{"line":27,"column":39}},"16":{"start":{"line":33,"column":0},"end":{"line":33,"column":27}}},"fnMap":{"0":{"name":"(anonymous_0)","decl":{"start":{"line":6,"column":2},"end":{"line":6,"column":3}},"loc":{"start":{"line":6,"column":34},"end":{"line":13,"column":3}},"line":6},"1":{"name":"(anonymous_1)","decl":{"start":{"line":9,"column":12},"end":{"line":9,"column":13}},"loc":{"start":{"line":9,"column":24},"end":{"line":11,"column":7}},"line":9},"2":{"name":"(anonymous_2)","decl":{"start":{"line":14,"column":2},"end":{"line":14,"column":3}},"loc":{"start":{"line":14,"column":31},"end":{"line":30,"column":3}},"line":14},"3":{"name":"(anonymous_3)","decl":{"start":{"line":17,"column":12},"end":{"line":17,"column":13}},"loc":{"start":{"line":17,"column":24},"end":{"line":28,"column":7}},"line":17}},"branchMap":{"0":{"loc":{"start":{"line":18,"column":8},"end":{"line":18,"column":82}},"type":"if","locations":[{"start":{"line":18,"column":8},"end":{"line":18,"column":82}},{"start":{"line":18,"column":8},"end":{"line":18,"column":82}}],"line":18},"1":{"loc":{"start":{"line":20,"column":8},"end":{"line":20,"column":84}},"type":"if","locations":[{"start":{"line":20,"column":8},"end":{"line":20,"column":84}},{"start":{"line":20,"column":8},"end":{"line":20,"column":84}}],"line":20}},"s":{"0":4,"1":4,"2":4,"3":4,"4":4,"5":1,"6":4,"7":4,"8":4,"9":2,"10":2,"11":2,"12":1,"13":1,"14":1,"15":1,"16":4},"f":{"0":4,"1":1,"2":4,"3":4},"b":{"0":[2,2],"1":[1,1]},"_coverageSchema":"1a1c01bbd47fc00a2c39e90264f33305004495a9","hash":"c2f28b6e6e5179bee4d155a5b008c81d21a0a798"}
,"/home/basiliuswicaksono/AA-Hacktiv8/Phase_3/Final project/Q/server/controllers/NotificationController.js": {"path":"/home/basiliuswicaksono/AA-Hacktiv8/Phase_3/Final project/Q/server/controllers/NotificationController.js","statementMap":{"0":{"start":{"line":1,"column":37},"end":{"line":1,"column":57}},"1":{"start":{"line":5,"column":28},"end":{"line":5,"column":36}},"2":{"start":{"line":7,"column":4},"end":{"line":7,"column":43}},"3":{"start":{"line":9,"column":19},"end":{"line":9,"column":21}},"4":{"start":{"line":11,"column":29},"end":{"line":14,"column":5}},"5":{"start":{"line":16,"column":4},"end":{"line":18,"column":13}},"6":{"start":{"line":17,"column":6},"end":{"line":17,"column":77}},"7":{"start":{"line":21,"column":4},"end":{"line":21,"column":48}},"8":{"start":{"line":25,"column":0},"end":{"line":25,"column":39}}},"fnMap":{"0":{"name":"(anonymous_0)","decl":{"start":{"line":4,"column":2},"end":{"line":4,"column":3}},"loc":{"start":{"line":4,"column":41},"end":{"line":22,"column":3}},"line":4},"1":{"name":"(anonymous_1)","decl":{"start":{"line":16,"column":15},"end":{"line":16,"column":16}},"loc":{"start":{"line":16,"column":21},"end":{"line":18,"column":5}},"line":16}},"branchMap":{},"s":{"0":4,"1":0,"2":0,"3":0,"4":0,"5":0,"6":0,"7":0,"8":4},"f":{"0":0,"1":0},"b":{},"_coverageSchema":"1a1c01bbd47fc00a2c39e90264f33305004495a9","hash":"738dc14daa80676de6d9861dcdf030750ac98e72"}
,"/home/basiliuswicaksono/AA-Hacktiv8/Phase_3/Final project/Q/server/controllers/OutletController.js": {"path":"/home/basiliuswicaksono/AA-Hacktiv8/Phase_3/Final project/Q/server/controllers/OutletController.js","statementMap":{"0":{"start":{"line":1,"column":33},"end":{"line":1,"column":53}},"1":{"start":{"line":5,"column":4},"end":{"line":9,"column":18}},"2":{"start":{"line":7,"column":8},"end":{"line":7,"column":38}},"3":{"start":{"line":12,"column":15},"end":{"line":12,"column":30}},"4":{"start":{"line":13,"column":4},"end":{"line":17,"column":18}},"5":{"start":{"line":15,"column":8},"end":{"line":15,"column":34}},"6":{"start":{"line":20,"column":15},"end":{"line":20,"column":29}},"7":{"start":{"line":21,"column":4},"end":{"line":26,"column":18}},"8":{"start":{"line":23,"column":8},"end":{"line":23,"column":89}},"9":{"start":{"line":23,"column":19},"end":{"line":23,"column":89}},"10":{"start":{"line":24,"column":8},"end":{"line":24,"column":38}},"11":{"start":{"line":29,"column":20},"end":{"line":29,"column":36}},"12":{"start":{"line":30,"column":55},"end":{"line":30,"column":63}},"13":{"start":{"line":31,"column":16},"end":{"line":31,"column":67}},"14":{"start":{"line":32,"column":4},"end":{"line":36,"column":18}},"15":{"start":{"line":34,"column":8},"end":{"line":34,"column":76}},"16":{"start":{"line":39,"column":15},"end":{"line":39,"column":29}},"17":{"start":{"line":40,"column":55},"end":{"line":40,"column":63}},"18":{"start":{"line":41,"column":16},"end":{"line":41,"column":58}},"19":{"start":{"line":42,"column":4},"end":{"line":50,"column":18}},"20":{"start":{"line":44,"column":8},"end":{"line":44,"column":48}},"21":{"start":{"line":47,"column":8},"end":{"line":47,"column":89}},"22":{"start":{"line":47,"column":19},"end":{"line":47,"column":89}},"23":{"start":{"line":48,"column":8},"end":{"line":48,"column":71}},"24":{"start":{"line":53,"column":15},"end":{"line":53,"column":29}},"25":{"start":{"line":54,"column":4},"end":{"line":60,"column":18}},"26":{"start":{"line":56,"column":8},"end":{"line":56,"column":89}},"27":{"start":{"line":56,"column":19},"end":{"line":56,"column":89}},"28":{"start":{"line":57,"column":8},"end":{"line":57,"column":41}},"29":{"start":{"line":58,"column":8},"end":{"line":58,"column":78}},"30":{"start":{"line":64,"column":0},"end":{"line":64,"column":27}}},"fnMap":{"0":{"name":"(anonymous_0)","decl":{"start":{"line":4,"column":2},"end":{"line":4,"column":3}},"loc":{"start":{"line":4,"column":33},"end":{"line":10,"column":3}},"line":4},"1":{"name":"(anonymous_1)","decl":{"start":{"line":6,"column":12},"end":{"line":6,"column":13}},"loc":{"start":{"line":6,"column":20},"end":{"line":8,"column":7}},"line":6},"2":{"name":"(anonymous_2)","decl":{"start":{"line":11,"column":2},"end":{"line":11,"column":3}},"loc":{"start":{"line":11,"column":38},"end":{"line":18,"column":3}},"line":11},"3":{"name":"(anonymous_3)","decl":{"start":{"line":14,"column":12},"end":{"line":14,"column":13}},"loc":{"start":{"line":14,"column":20},"end":{"line":16,"column":7}},"line":14},"4":{"name":"(anonymous_4)","decl":{"start":{"line":19,"column":2},"end":{"line":19,"column":3}},"loc":{"start":{"line":19,"column":36},"end":{"line":27,"column":3}},"line":19},"5":{"name":"(anonymous_5)","decl":{"start":{"line":22,"column":12},"end":{"line":22,"column":13}},"loc":{"start":{"line":22,"column":20},"end":{"line":25,"column":7}},"line":22},"6":{"name":"(anonymous_6)","decl":{"start":{"line":28,"column":2},"end":{"line":28,"column":3}},"loc":{"start":{"line":28,"column":35},"end":{"line":37,"column":3}},"line":28},"7":{"name":"(anonymous_7)","decl":{"start":{"line":33,"column":12},"end":{"line":33,"column":13}},"loc":{"start":{"line":33,"column":20},"end":{"line":35,"column":7}},"line":33},"8":{"name":"(anonymous_8)","decl":{"start":{"line":38,"column":2},"end":{"line":38,"column":3}},"loc":{"start":{"line":38,"column":36},"end":{"line":51,"column":3}},"line":38},"9":{"name":"(anonymous_9)","decl":{"start":{"line":43,"column":12},"end":{"line":43,"column":13}},"loc":{"start":{"line":43,"column":18},"end":{"line":45,"column":7}},"line":43},"10":{"name":"(anonymous_10)","decl":{"start":{"line":46,"column":12},"end":{"line":46,"column":13}},"loc":{"start":{"line":46,"column":20},"end":{"line":49,"column":7}},"line":46},"11":{"name":"(anonymous_11)","decl":{"start":{"line":52,"column":2},"end":{"line":52,"column":3}},"loc":{"start":{"line":52,"column":38},"end":{"line":61,"column":3}},"line":52},"12":{"name":"(anonymous_12)","decl":{"start":{"line":55,"column":12},"end":{"line":55,"column":13}},"loc":{"start":{"line":55,"column":20},"end":{"line":59,"column":7}},"line":55}},"branchMap":{"0":{"loc":{"start":{"line":23,"column":8},"end":{"line":23,"column":89}},"type":"if","locations":[{"start":{"line":23,"column":8},"end":{"line":23,"column":89}},{"start":{"line":23,"column":8},"end":{"line":23,"column":89}}],"line":23},"1":{"loc":{"start":{"line":47,"column":8},"end":{"line":47,"column":89}},"type":"if","locations":[{"start":{"line":47,"column":8},"end":{"line":47,"column":89}},{"start":{"line":47,"column":8},"end":{"line":47,"column":89}}],"line":47},"2":{"loc":{"start":{"line":56,"column":8},"end":{"line":56,"column":89}},"type":"if","locations":[{"start":{"line":56,"column":8},"end":{"line":56,"column":89}},{"start":{"line":56,"column":8},"end":{"line":56,"column":89}}],"line":56}},"s":{"0":4,"1":1,"2":1,"3":1,"4":1,"5":1,"6":2,"7":2,"8":2,"9":1,"10":1,"11":2,"12":2,"13":2,"14":2,"15":1,"16":2,"17":2,"18":2,"19":2,"20":2,"21":2,"22":1,"23":1,"24":2,"25":2,"26":2,"27":1,"28":1,"29":1,"30":4},"f":{"0":1,"1":1,"2":1,"3":1,"4":2,"5":2,"6":2,"7":1,"8":2,"9":2,"10":2,"11":2,"12":2},"b":{"0":[1,1],"1":[1,1],"2":[1,1]},"_coverageSchema":"1a1c01bbd47fc00a2c39e90264f33305004495a9","hash":"637dacb4beab5d72a28bcb96e8435bc99c1b18e6"}
,"/home/basiliuswicaksono/AA-Hacktiv8/Phase_3/Final project/Q/server/controllers/QueueController.js": {"path":"/home/basiliuswicaksono/AA-Hacktiv8/Phase_3/Final project/Q/server/controllers/QueueController.js","statementMap":{"0":{"start":{"line":1,"column":26},"end":{"line":1,"column":46}},"1":{"start":{"line":2,"column":39},"end":{"line":2,"column":63}},"2":{"start":{"line":3,"column":28},"end":{"line":3,"column":62}},"3":{"start":{"line":7,"column":23},"end":{"line":7,"column":39}},"4":{"start":{"line":8,"column":4},"end":{"line":12,"column":30}},"5":{"start":{"line":10,"column":8},"end":{"line":10,"column":38}},"6":{"start":{"line":12,"column":20},"end":{"line":12,"column":29}},"7":{"start":{"line":15,"column":15},"end":{"line":15,"column":35}},"8":{"start":{"line":16,"column":19},"end":{"line":16,"column":35}},"9":{"start":{"line":17,"column":4},"end":{"line":34,"column":30}},"10":{"start":{"line":19,"column":8},"end":{"line":19,"column":63}},"11":{"start":{"line":20,"column":20},"end":{"line":20,"column":42}},"12":{"start":{"line":21,"column":28},"end":{"line":21,"column":83}},"13":{"start":{"line":21,"column":48},"end":{"line":21,"column":82}},"14":{"start":{"line":23,"column":27},"end":{"line":23,"column":78}},"15":{"start":{"line":24,"column":28},"end":{"line":24,"column":63}},"16":{"start":{"line":25,"column":8},"end":{"line":31,"column":9}},"17":{"start":{"line":32,"column":8},"end":{"line":32,"column":51}},"18":{"start":{"line":34,"column":20},"end":{"line":34,"column":29}},"19":{"start":{"line":37,"column":21},"end":{"line":37,"column":41}},"20":{"start":{"line":38,"column":23},"end":{"line":38,"column":39}},"21":{"start":{"line":39,"column":19},"end":{"line":39,"column":26}},"22":{"start":{"line":40,"column":18},"end":{"line":40,"column":36}},"23":{"start":{"line":41,"column":24},"end":{"line":41,"column":44}},"24":{"start":{"line":42,"column":23},"end":{"line":42,"column":49}},"25":{"start":{"line":43,"column":25},"end":{"line":43,"column":27}},"26":{"start":{"line":44,"column":29},"end":{"line":44,"column":31}},"27":{"start":{"line":45,"column":30},"end":{"line":45,"column":32}},"28":{"start":{"line":47,"column":4},"end":{"line":65,"column":30}},"29":{"start":{"line":49,"column":8},"end":{"line":49,"column":58}},"30":{"start":{"line":50,"column":8},"end":{"line":50,"column":37}},"31":{"start":{"line":51,"column":8},"end":{"line":51,"column":47}},"32":{"start":{"line":52,"column":8},"end":{"line":52,"column":21}},"33":{"start":{"line":53,"column":8},"end":{"line":53,"column":76}},"34":{"start":{"line":56,"column":8},"end":{"line":62,"column":9}},"35":{"start":{"line":63,"column":8},"end":{"line":63,"column":38}},"36":{"start":{"line":65,"column":20},"end":{"line":65,"column":29}},"37":{"start":{"line":68,"column":45},"end":{"line":68,"column":53}},"38":{"start":{"line":69,"column":28},"end":{"line":69,"column":49}},"39":{"start":{"line":70,"column":19},"end":{"line":70,"column":29}},"40":{"start":{"line":71,"column":4},"end":{"line":84,"column":5}},"41":{"start":{"line":72,"column":6},"end":{"line":81,"column":32}},"42":{"start":{"line":74,"column":10},"end":{"line":74,"column":67}},"43":{"start":{"line":74,"column":21},"end":{"line":74,"column":67}},"44":{"start":{"line":75,"column":10},"end":{"line":75,"column":118}},"45":{"start":{"line":75,"column":59},"end":{"line":75,"column":118}},"46":{"start":{"line":76,"column":10},"end":{"line":76,"column":59}},"47":{"start":{"line":79,"column":10},"end":{"line":79,"column":75}},"48":{"start":{"line":81,"column":22},"end":{"line":81,"column":31}},"49":{"start":{"line":83,"column":6},"end":{"line":83,"column":56}},"50":{"start":{"line":87,"column":19},"end":{"line":87,"column":29}},"51":{"start":{"line":88,"column":4},"end":{"line":96,"column":30}},"52":{"start":{"line":90,"column":8},"end":{"line":90,"column":65}},"53":{"start":{"line":90,"column":19},"end":{"line":90,"column":65}},"54":{"start":{"line":91,"column":8},"end":{"line":91,"column":46}},"55":{"start":{"line":94,"column":8},"end":{"line":94,"column":73}},"56":{"start":{"line":96,"column":20},"end":{"line":96,"column":29}},"57":{"start":{"line":100,"column":0},"end":{"line":100,"column":27}}},"fnMap":{"0":{"name":"(anonymous_0)","decl":{"start":{"line":6,"column":2},"end":{"line":6,"column":3}},"loc":{"start":{"line":6,"column":44},"end":{"line":13,"column":3}},"line":6},"1":{"name":"(anonymous_1)","decl":{"start":{"line":9,"column":12},"end":{"line":9,"column":13}},"loc":{"start":{"line":9,"column":20},"end":{"line":11,"column":7}},"line":9},"2":{"name":"(anonymous_2)","decl":{"start":{"line":12,"column":13},"end":{"line":12,"column":14}},"loc":{"start":{"line":12,"column":20},"end":{"line":12,"column":29}},"line":12},"3":{"name":"(anonymous_3)","decl":{"start":{"line":14,"column":2},"end":{"line":14,"column":3}},"loc":{"start":{"line":14,"column":34},"end":{"line":35,"column":3}},"line":14},"4":{"name":"(anonymous_4)","decl":{"start":{"line":18,"column":12},"end":{"line":18,"column":13}},"loc":{"start":{"line":18,"column":20},"end":{"line":33,"column":7}},"line":18},"5":{"name":"(anonymous_5)","decl":{"start":{"line":21,"column":42},"end":{"line":21,"column":43}},"loc":{"start":{"line":21,"column":48},"end":{"line":21,"column":82}},"line":21},"6":{"name":"(anonymous_6)","decl":{"start":{"line":34,"column":13},"end":{"line":34,"column":14}},"loc":{"start":{"line":34,"column":20},"end":{"line":34,"column":29}},"line":34},"7":{"name":"(anonymous_7)","decl":{"start":{"line":36,"column":2},"end":{"line":36,"column":3}},"loc":{"start":{"line":36,"column":34},"end":{"line":66,"column":3}},"line":36},"8":{"name":"(anonymous_8)","decl":{"start":{"line":48,"column":12},"end":{"line":48,"column":13}},"loc":{"start":{"line":48,"column":21},"end":{"line":54,"column":7}},"line":48},"9":{"name":"(anonymous_9)","decl":{"start":{"line":55,"column":12},"end":{"line":55,"column":13}},"loc":{"start":{"line":55,"column":20},"end":{"line":64,"column":7}},"line":55},"10":{"name":"(anonymous_10)","decl":{"start":{"line":65,"column":13},"end":{"line":65,"column":14}},"loc":{"start":{"line":65,"column":20},"end":{"line":65,"column":29}},"line":65},"11":{"name":"(anonymous_11)","decl":{"start":{"line":67,"column":2},"end":{"line":67,"column":3}},"loc":{"start":{"line":67,"column":37},"end":{"line":85,"column":3}},"line":67},"12":{"name":"(anonymous_12)","decl":{"start":{"line":73,"column":14},"end":{"line":73,"column":15}},"loc":{"start":{"line":73,"column":22},"end":{"line":77,"column":9}},"line":73},"13":{"name":"(anonymous_13)","decl":{"start":{"line":78,"column":14},"end":{"line":78,"column":15}},"loc":{"start":{"line":78,"column":22},"end":{"line":80,"column":9}},"line":78},"14":{"name":"(anonymous_14)","decl":{"start":{"line":81,"column":15},"end":{"line":81,"column":16}},"loc":{"start":{"line":81,"column":22},"end":{"line":81,"column":31}},"line":81},"15":{"name":"(anonymous_15)","decl":{"start":{"line":86,"column":2},"end":{"line":86,"column":3}},"loc":{"start":{"line":86,"column":37},"end":{"line":97,"column":3}},"line":86},"16":{"name":"(anonymous_16)","decl":{"start":{"line":89,"column":12},"end":{"line":89,"column":13}},"loc":{"start":{"line":89,"column":20},"end":{"line":92,"column":7}},"line":89},"17":{"name":"(anonymous_17)","decl":{"start":{"line":93,"column":12},"end":{"line":93,"column":13}},"loc":{"start":{"line":93,"column":20},"end":{"line":95,"column":7}},"line":93},"18":{"name":"(anonymous_18)","decl":{"start":{"line":96,"column":13},"end":{"line":96,"column":14}},"loc":{"start":{"line":96,"column":20},"end":{"line":96,"column":29}},"line":96}},"branchMap":{"0":{"loc":{"start":{"line":71,"column":4},"end":{"line":84,"column":5}},"type":"if","locations":[{"start":{"line":71,"column":4},"end":{"line":84,"column":5}},{"start":{"line":71,"column":4},"end":{"line":84,"column":5}}],"line":71},"1":{"loc":{"start":{"line":74,"column":10},"end":{"line":74,"column":67}},"type":"if","locations":[{"start":{"line":74,"column":10},"end":{"line":74,"column":67}},{"start":{"line":74,"column":10},"end":{"line":74,"column":67}}],"line":74},"2":{"loc":{"start":{"line":75,"column":10},"end":{"line":75,"column":118}},"type":"if","locations":[{"start":{"line":75,"column":10},"end":{"line":75,"column":118}},{"start":{"line":75,"column":10},"end":{"line":75,"column":118}}],"line":75},"3":{"loc":{"start":{"line":90,"column":8},"end":{"line":90,"column":65}},"type":"if","locations":[{"start":{"line":90,"column":8},"end":{"line":90,"column":65}},{"start":{"line":90,"column":8},"end":{"line":90,"column":65}}],"line":90}},"s":{"0":4,"1":4,"2":4,"3":1,"4":1,"5":1,"6":0,"7":1,"8":1,"9":1,"10":1,"11":1,"12":1,"13":1,"14":1,"15":1,"16":1,"17":1,"18":0,"19":1,"20":1,"21":1,"22":1,"23":1,"24":1,"25":1,"26":1,"27":1,"28":1,"29":1,"30":1,"31":1,"32":1,"33":1,"34":1,"35":1,"36":0,"37":2,"38":2,"39":2,"40":2,"41":2,"42":2,"43":1,"44":1,"45":0,"46":1,"47":1,"48":1,"49":0,"50":2,"51":2,"52":2,"53":1,"54":1,"55":1,"56":1,"57":4},"f":{"0":1,"1":1,"2":0,"3":1,"4":1,"5":1,"6":0,"7":1,"8":1,"9":1,"10":0,"11":2,"12":2,"13":1,"14":1,"15":2,"16":2,"17":1,"18":1},"b":{"0":[2,0],"1":[1,1],"2":[0,1],"3":[1,1]},"_coverageSchema":"1a1c01bbd47fc00a2c39e90264f33305004495a9","hash":"7a37b97a4020e599ab2970467f165cd00e785213"}
,"/home/basiliuswicaksono/AA-Hacktiv8/Phase_3/Final project/Q/server/helper/bcrypt.js": {"path":"/home/basiliuswicaksono/AA-Hacktiv8/Phase_3/Final project/Q/server/helper/bcrypt.js","statementMap":{"0":{"start":{"line":1,"column":15},"end":{"line":1,"column":34}},"1":{"start":{"line":4,"column":12},"end":{"line":4,"column":34}},"2":{"start":{"line":5,"column":1},"end":{"line":5,"column":40}},"3":{"start":{"line":9,"column":1},"end":{"line":9,"column":53}},"4":{"start":{"line":12,"column":0},"end":{"line":12,"column":43}}},"fnMap":{"0":{"name":"hashPass","decl":{"start":{"line":3,"column":9},"end":{"line":3,"column":17}},"loc":{"start":{"line":3,"column":28},"end":{"line":6,"column":1}},"line":3},"1":{"name":"comparePass","decl":{"start":{"line":8,"column":9},"end":{"line":8,"column":20}},"loc":{"start":{"line":8,"column":47},"end":{"line":10,"column":1}},"line":8}},"branchMap":{},"s":{"0":4,"1":3,"2":3,"3":9,"4":4},"f":{"0":3,"1":9},"b":{},"_coverageSchema":"1a1c01bbd47fc00a2c39e90264f33305004495a9","hash":"7c9f0f6123d771852e8f443621e1f46f92b52e9e"}
,"/home/basiliuswicaksono/AA-Hacktiv8/Phase_3/Final project/Q/server/helper/jwt.js": {"path":"/home/basiliuswicaksono/AA-Hacktiv8/Phase_3/Final project/Q/server/helper/jwt.js","statementMap":{"0":{"start":{"line":1,"column":12},"end":{"line":1,"column":35}},"1":{"start":{"line":4,"column":1},"end":{"line":4,"column":46}},"2":{"start":{"line":8,"column":1},"end":{"line":8,"column":46}},"3":{"start":{"line":11,"column":0},"end":{"line":11,"column":48}}},"fnMap":{"0":{"name":"generateToken","decl":{"start":{"line":3,"column":9},"end":{"line":3,"column":22}},"loc":{"start":{"line":3,"column":32},"end":{"line":5,"column":1}},"line":3},"1":{"name":"verifyToken","decl":{"start":{"line":7,"column":9},"end":{"line":7,"column":20}},"loc":{"start":{"line":7,"column":28},"end":{"line":9,"column":1}},"line":7}},"branchMap":{},"s":{"0":4,"1":8,"2":32,"3":4},"f":{"0":8,"1":32},"b":{},"_coverageSchema":"1a1c01bbd47fc00a2c39e90264f33305004495a9","hash":"9d7488640f9bd6ded31c3e9b982ab36f4b15528a"}
,"/home/basiliuswicaksono/AA-Hacktiv8/Phase_3/Final project/Q/server/helper/uniqueCodeGen.js": {"path":"/home/basiliuswicaksono/AA-Hacktiv8/Phase_3/Final project/Q/server/helper/uniqueCodeGen.js","statementMap":{"0":{"start":{"line":1,"column":26},"end":{"line":1,"column":42}},"1":{"start":{"line":4,"column":19},"end":{"line":4,"column":21}},"2":{"start":{"line":5,"column":2},"end":{"line":7,"column":3}},"3":{"start":{"line":5,"column":15},"end":{"line":5,"column":16}},"4":{"start":{"line":6,"column":4},"end":{"line":6,"column":65}},"5":{"start":{"line":8,"column":2},"end":{"line":8,"column":40}},"6":{"start":{"line":9,"column":2},"end":{"line":9,"column":19}},"7":{"start":{"line":12,"column":0},"end":{"line":12,"column":36}}},"fnMap":{"0":{"name":"uniqueCodeGenerator","decl":{"start":{"line":3,"column":9},"end":{"line":3,"column":28}},"loc":{"start":{"line":3,"column":36},"end":{"line":10,"column":1}},"line":3}},"branchMap":{},"s":{"0":4,"1":1,"2":1,"3":1,"4":5,"5":1,"6":1,"7":4},"f":{"0":1},"b":{},"_coverageSchema":"1a1c01bbd47fc00a2c39e90264f33305004495a9","hash":"3d5c383dbfde3f3b4f505b17ada89a2ba7fc18cf"}
,"/home/basiliuswicaksono/AA-Hacktiv8/Phase_3/Final project/Q/server/middlewares/authentication.js": {"path":"/home/basiliuswicaksono/AA-Hacktiv8/Phase_3/Final project/Q/server/middlewares/authentication.js","statementMap":{"0":{"start":{"line":1,"column":24},"end":{"line":1,"column":48}},"1":{"start":{"line":2,"column":37},"end":{"line":2,"column":57}},"2":{"start":{"line":5,"column":2},"end":{"line":16,"column":3}},"3":{"start":{"line":6,"column":20},"end":{"line":6,"column":31}},"4":{"start":{"line":7,"column":18},"end":{"line":7,"column":36}},"5":{"start":{"line":8,"column":16},"end":{"line":10,"column":6}},"6":{"start":{"line":11,"column":4},"end":{"line":11,"column":72}},"7":{"start":{"line":11,"column":16},"end":{"line":11,"column":72}},"8":{"start":{"line":12,"column":4},"end":{"line":12,"column":27}},"9":{"start":{"line":13,"column":4},"end":{"line":13,"column":11}},"10":{"start":{"line":15,"column":4},"end":{"line":15,"column":14}},"11":{"start":{"line":19,"column":2},"end":{"line":30,"column":3}},"12":{"start":{"line":20,"column":20},"end":{"line":20,"column":31}},"13":{"start":{"line":21,"column":18},"end":{"line":21,"column":36}},"14":{"start":{"line":22,"column":18},"end":{"line":24,"column":6}},"15":{"start":{"line":25,"column":4},"end":{"line":25,"column":74}},"16":{"start":{"line":25,"column":18},"end":{"line":25,"column":74}},"17":{"start":{"line":26,"column":4},"end":{"line":26,"column":27}},"18":{"start":{"line":27,"column":4},"end":{"line":27,"column":11}},"19":{"start":{"line":29,"column":4},"end":{"line":29,"column":14}},"20":{"start":{"line":33,"column":2},"end":{"line":44,"column":3}},"21":{"start":{"line":34,"column":20},"end":{"line":34,"column":31}},"22":{"start":{"line":35,"column":18},"end":{"line":35,"column":36}},"23":{"start":{"line":36,"column":19},"end":{"line":38,"column":6}},"24":{"start":{"line":39,"column":4},"end":{"line":39,"column":79}},"25":{"start":{"line":39,"column":19},"end":{"line":39,"column":79}},"26":{"start":{"line":40,"column":4},"end":{"line":40,"column":27}},"27":{"start":{"line":41,"column":4},"end":{"line":41,"column":11}},"28":{"start":{"line":43,"column":4},"end":{"line":43,"column":14}},"29":{"start":{"line":47,"column":0},"end":{"line":51,"column":2}}},"fnMap":{"0":{"name":"adminAuthentication","decl":{"start":{"line":4,"column":15},"end":{"line":4,"column":34}},"loc":{"start":{"line":4,"column":51},"end":{"line":17,"column":1}},"line":4},"1":{"name":"cashierAuthentication","decl":{"start":{"line":18,"column":15},"end":{"line":18,"column":36}},"loc":{"start":{"line":18,"column":53},"end":{"line":31,"column":1}},"line":18},"2":{"name":"customerAuthentication","decl":{"start":{"line":32,"column":15},"end":{"line":32,"column":37}},"loc":{"start":{"line":32,"column":54},"end":{"line":45,"column":1}},"line":32}},"branchMap":{"0":{"loc":{"start":{"line":11,"column":4},"end":{"line":11,"column":72}},"type":"if","locations":[{"start":{"line":11,"column":4},"end":{"line":11,"column":72}},{"start":{"line":11,"column":4},"end":{"line":11,"column":72}}],"line":11},"1":{"loc":{"start":{"line":25,"column":4},"end":{"line":25,"column":74}},"type":"if","locations":[{"start":{"line":25,"column":4},"end":{"line":25,"column":74}},{"start":{"line":25,"column":4},"end":{"line":25,"column":74}}],"line":25},"2":{"loc":{"start":{"line":39,"column":4},"end":{"line":39,"column":79}},"type":"if","locations":[{"start":{"line":39,"column":4},"end":{"line":39,"column":79}},{"start":{"line":39,"column":4},"end":{"line":39,"column":79}}],"line":39}},"s":{"0":4,"1":4,"2":16,"3":16,"4":16,"5":10,"6":10,"7":0,"8":10,"9":10,"10":6,"11":6,"12":6,"13":6,"14":4,"15":4,"16":0,"17":4,"18":4,"19":2,"20":7,"21":7,"22":7,"23":4,"24":4,"25":0,"26":4,"27":4,"28":3,"29":4},"f":{"0":16,"1":6,"2":7},"b":{"0":[0,10],"1":[0,4],"2":[0,4]},"_coverageSchema":"1a1c01bbd47fc00a2c39e90264f33305004495a9","hash":"19ef32d130be956b50eb819e419e26084cc1083d"}
,"/home/basiliuswicaksono/AA-Hacktiv8/Phase_3/Final project/Q/server/middlewares/authorization.js": {"path":"/home/basiliuswicaksono/AA-Hacktiv8/Phase_3/Final project/Q/server/middlewares/authorization.js","statementMap":{"0":{"start":{"line":2,"column":1},"end":{"line":6,"column":2}},"1":{"start":{"line":3,"column":2},"end":{"line":3,"column":9}},"2":{"start":{"line":9,"column":1},"end":{"line":13,"column":2}},"3":{"start":{"line":10,"column":2},"end":{"line":10,"column":8}},"4":{"start":{"line":16,"column":1},"end":{"line":20,"column":2}},"5":{"start":{"line":17,"column":2},"end":{"line":17,"column":9}},"6":{"start":{"line":23,"column":0},"end":{"line":23,"column":90}}},"fnMap":{"0":{"name":"adminAuthorization","decl":{"start":{"line":1,"column":9},"end":{"line":1,"column":27}},"loc":{"start":{"line":1,"column":44},"end":{"line":7,"column":1}},"line":1},"1":{"name":"adminCashierAuthorization","decl":{"start":{"line":8,"column":9},"end":{"line":8,"column":34}},"loc":{"start":{"line":8,"column":51},"end":{"line":14,"column":1}},"line":8},"2":{"name":"customerAuthorization","decl":{"start":{"line":15,"column":9},"end":{"line":15,"column":30}},"loc":{"start":{"line":15,"column":47},"end":{"line":21,"column":1}},"line":15}},"branchMap":{"0":{"loc":{"start":{"line":2,"column":1},"end":{"line":6,"column":2}},"type":"if","locations":[{"start":{"line":2,"column":1},"end":{"line":6,"column":2}},{"start":{"line":2,"column":1},"end":{"line":6,"column":2}}],"line":2},"1":{"loc":{"start":{"line":9,"column":1},"end":{"line":13,"column":2}},"type":"if","locations":[{"start":{"line":9,"column":1},"end":{"line":13,"column":2}},{"start":{"line":9,"column":1},"end":{"line":13,"column":2}}],"line":9},"2":{"loc":{"start":{"line":9,"column":5},"end":{"line":9,"column":69}},"type":"binary-expr","locations":[{"start":{"line":9,"column":5},"end":{"line":9,"column":34}},{"start":{"line":9,"column":38},"end":{"line":9,"column":69}}],"line":9},"3":{"loc":{"start":{"line":16,"column":1},"end":{"line":20,"column":2}},"type":"if","locations":[{"start":{"line":16,"column":1},"end":{"line":20,"column":2}},{"start":{"line":16,"column":1},"end":{"line":20,"column":2}}],"line":16}},"s":{"0":9,"1":9,"2":4,"3":4,"4":3,"5":3,"6":4},"f":{"0":9,"1":4,"2":3},"b":{"0":[9,0],"1":[4,0],"2":[4,4],"3":[3,0]},"_coverageSchema":"1a1c01bbd47fc00a2c39e90264f33305004495a9","hash":"ec8344be3eddd18165f13093a1d27be82fc9dc7a"}
,"/home/basiliuswicaksono/AA-Hacktiv8/Phase_3/Final project/Q/server/middlewares/errHandler.js": {"path":"/home/basiliuswicaksono/AA-Hacktiv8/Phase_3/Final project/Q/server/middlewares/errHandler.js","statementMap":{"0":{"start":{"line":2,"column":1},"end":{"line":2,"column":54}},"1":{"start":{"line":3,"column":14},"end":{"line":3,"column":16}},"2":{"start":{"line":4,"column":18},"end":{"line":4,"column":21}},"3":{"start":{"line":7,"column":1},"end":{"line":52,"column":2}},"4":{"start":{"line":9,"column":3},"end":{"line":9,"column":40}},"5":{"start":{"line":10,"column":3},"end":{"line":10,"column":20}},"6":{"start":{"line":11,"column":3},"end":{"line":11,"column":9}},"7":{"start":{"line":13,"column":3},"end":{"line":13,"column":20}},"8":{"start":{"line":14,"column":3},"end":{"line":16,"column":6}},"9":{"start":{"line":15,"column":4},"end":{"line":15,"column":28}},"10":{"start":{"line":17,"column":3},"end":{"line":17,"column":9}},"11":{"start":{"line":19,"column":3},"end":{"line":19,"column":59}},"12":{"start":{"line":20,"column":3},"end":{"line":20,"column":20}},"13":{"start":{"line":21,"column":3},"end":{"line":21,"column":28}},"14":{"start":{"line":22,"column":3},"end":{"line":22,"column":9}},"15":{"start":{"line":50,"column":3},"end":{"line":50,"column":51}},"16":{"start":{"line":51,"column":3},"end":{"line":51,"column":38}},"17":{"start":{"line":53,"column":1},"end":{"line":55,"column":4}},"18":{"start":{"line":58,"column":0},"end":{"line":58,"column":28}}},"fnMap":{"0":{"name":"errHandler","decl":{"start":{"line":1,"column":9},"end":{"line":1,"column":19}},"loc":{"start":{"line":1,"column":41},"end":{"line":56,"column":1}},"line":1},"1":{"name":"(anonymous_1)","decl":{"start":{"line":14,"column":22},"end":{"line":14,"column":23}},"loc":{"start":{"line":14,"column":30},"end":{"line":16,"column":4}},"line":14}},"branchMap":{"0":{"loc":{"start":{"line":7,"column":1},"end":{"line":52,"column":2}},"type":"switch","locations":[{"start":{"line":8,"column":2},"end":{"line":11,"column":9}},{"start":{"line":12,"column":2},"end":{"line":17,"column":9}},{"start":{"line":18,"column":2},"end":{"line":22,"column":9}},{"start":{"line":49,"column":2},"end":{"line":51,"column":38}}],"line":7},"1":{"loc":{"start":{"line":50,"column":15},"end":{"line":50,"column":49}},"type":"binary-expr","locations":[{"start":{"line":50,"column":15},"end":{"line":50,"column":22}},{"start":{"line":50,"column":26},"end":{"line":50,"column":49}}],"line":50},"2":{"loc":{"start":{"line":51,"column":16},"end":{"line":51,"column":37}},"type":"binary-expr","locations":[{"start":{"line":51,"column":16},"end":{"line":51,"column":30}},{"start":{"line":51,"column":34},"end":{"line":51,"column":37}}],"line":51}},"s":{"0":30,"1":30,"2":30,"3":30,"4":11,"5":11,"6":11,"7":7,"8":7,"9":9,"10":7,"11":4,"12":4,"13":4,"14":4,"15":8,"16":8,"17":30,"18":4},"f":{"0":30,"1":9},"b":{"0":[11,7,4,8],"1":[8,0],"2":[8,0]},"_coverageSchema":"1a1c01bbd47fc00a2c39e90264f33305004495a9","hash":"089ad2d9eff064d0a34e10b3bf4be5c843eb0c0d"}
,"/home/basiliuswicaksono/AA-Hacktiv8/Phase_3/Final project/Q/server/models/admin.js": {"path":"/home/basiliuswicaksono/AA-Hacktiv8/Phase_3/Final project/Q/server/models/admin.js","statementMap":{"0":{"start":{"line":2,"column":18},"end":{"line":2,"column":38}},"1":{"start":{"line":3,"column":21},"end":{"line":3,"column":48}},"2":{"start":{"line":4,"column":0},"end":{"line":70,"column":2}},"3":{"start":{"line":12,"column":3},"end":{"line":12,"column":32}},"4":{"start":{"line":15,"column":1},"end":{"line":68,"column":3}},"5":{"start":{"line":64,"column":5},"end":{"line":64,"column":73}},"6":{"start":{"line":69,"column":1},"end":{"line":69,"column":14}}},"fnMap":{"0":{"name":"(anonymous_0)","decl":{"start":{"line":4,"column":17},"end":{"line":4,"column":18}},"loc":{"start":{"line":4,"column":43},"end":{"line":70,"column":1}},"line":4},"1":{"name":"(anonymous_1)","decl":{"start":{"line":11,"column":2},"end":{"line":11,"column":3}},"loc":{"start":{"line":11,"column":27},"end":{"line":13,"column":3}},"line":11},"2":{"name":"(anonymous_2)","decl":{"start":{"line":63,"column":18},"end":{"line":63,"column":19}},"loc":{"start":{"line":63,"column":34},"end":{"line":65,"column":5}},"line":63}},"branchMap":{},"s":{"0":4,"1":4,"2":4,"3":4,"4":4,"5":1,"6":4},"f":{"0":4,"1":4,"2":1},"b":{},"_coverageSchema":"1a1c01bbd47fc00a2c39e90264f33305004495a9","hash":"6f9bc9d90bd88878edd118f9eb38de9b05298236"}
,"/home/basiliuswicaksono/AA-Hacktiv8/Phase_3/Final project/Q/server/models/cashier.js": {"path":"/home/basiliuswicaksono/AA-Hacktiv8/Phase_3/Final project/Q/server/models/cashier.js","statementMap":{"0":{"start":{"line":4,"column":4},"end":{"line":4,"column":24}},"1":{"start":{"line":5,"column":21},"end":{"line":5,"column":48}},"2":{"start":{"line":6,"column":0},"end":{"line":71,"column":2}},"3":{"start":{"line":14,"column":6},"end":{"line":14,"column":38}},"4":{"start":{"line":17,"column":2},"end":{"line":69,"column":5}},"5":{"start":{"line":65,"column":8},"end":{"line":66,"column":53}},"6":{"start":{"line":70,"column":2},"end":{"line":70,"column":17}}},"fnMap":{"0":{"name":"(anonymous_0)","decl":{"start":{"line":6,"column":17},"end":{"line":6,"column":18}},"loc":{"start":{"line":6,"column":43},"end":{"line":71,"column":1}},"line":6},"1":{"name":"(anonymous_1)","decl":{"start":{"line":13,"column":4},"end":{"line":13,"column":5}},"loc":{"start":{"line":13,"column":29},"end":{"line":15,"column":5}},"line":13},"2":{"name":"(anonymous_2)","decl":{"start":{"line":64,"column":20},"end":{"line":64,"column":21}},"loc":{"start":{"line":64,"column":38},"end":{"line":67,"column":7}},"line":64}},"branchMap":{},"s":{"0":4,"1":4,"2":4,"3":4,"4":4,"5":1,"6":4},"f":{"0":4,"1":4,"2":1},"b":{},"_coverageSchema":"1a1c01bbd47fc00a2c39e90264f33305004495a9","hash":"e0611665644a2385f9c0e06ea462dc6f7132fb86"}
,"/home/basiliuswicaksono/AA-Hacktiv8/Phase_3/Final project/Q/server/models/customer.js": {"path":"/home/basiliuswicaksono/AA-Hacktiv8/Phase_3/Final project/Q/server/models/customer.js","statementMap":{"0":{"start":{"line":4,"column":4},"end":{"line":4,"column":24}},"1":{"start":{"line":5,"column":21},"end":{"line":5,"column":48}},"2":{"start":{"line":6,"column":0},"end":{"line":83,"column":2}},"3":{"start":{"line":14,"column":6},"end":{"line":14,"column":70}},"4":{"start":{"line":15,"column":6},"end":{"line":15,"column":36}},"5":{"start":{"line":18,"column":2},"end":{"line":81,"column":5}},"6":{"start":{"line":75,"column":8},"end":{"line":76,"column":36}},"7":{"start":{"line":82,"column":2},"end":{"line":82,"column":18}}},"fnMap":{"0":{"name":"(anonymous_0)","decl":{"start":{"line":6,"column":17},"end":{"line":6,"column":18}},"loc":{"start":{"line":6,"column":43},"end":{"line":83,"column":1}},"line":6},"1":{"name":"(anonymous_1)","decl":{"start":{"line":13,"column":4},"end":{"line":13,"column":5}},"loc":{"start":{"line":13,"column":29},"end":{"line":16,"column":5}},"line":13},"2":{"name":"(anonymous_2)","decl":{"start":{"line":74,"column":20},"end":{"line":74,"column":21}},"loc":{"start":{"line":74,"column":39},"end":{"line":77,"column":7}},"line":74}},"branchMap":{},"s":{"0":4,"1":4,"2":4,"3":4,"4":4,"5":4,"6":1,"7":4},"f":{"0":4,"1":4,"2":1},"b":{},"_coverageSchema":"1a1c01bbd47fc00a2c39e90264f33305004495a9","hash":"ef56a1c2f5cbb2018537cff96de3acddde833a33"}
,"/home/basiliuswicaksono/AA-Hacktiv8/Phase_3/Final project/Q/server/models/index.js": {"path":"/home/basiliuswicaksono/AA-Hacktiv8/Phase_3/Final project/Q/server/models/index.js","statementMap":{"0":{"start":{"line":3,"column":11},"end":{"line":3,"column":24}},"1":{"start":{"line":4,"column":13},"end":{"line":4,"column":28}},"2":{"start":{"line":5,"column":18},"end":{"line":5,"column":38}},"3":{"start":{"line":6,"column":17},"end":{"line":6,"column":42}},"4":{"start":{"line":7,"column":12},"end":{"line":7,"column":49}},"5":{"start":{"line":8,"column":15},"end":{"line":8,"column":65}},"6":{"start":{"line":9,"column":11},"end":{"line":9,"column":13}},"7":{"start":{"line":12,"column":0},"end":{"line":16,"column":1}},"8":{"start":{"line":13,"column":2},"end":{"line":13,"column":74}},"9":{"start":{"line":15,"column":2},"end":{"line":15,"column":87}},"10":{"start":{"line":18,"column":0},"end":{"line":26,"column":5}},"11":{"start":{"line":21,"column":4},"end":{"line":21,"column":90}},"12":{"start":{"line":24,"column":18},"end":{"line":24,"column":85}},"13":{"start":{"line":25,"column":4},"end":{"line":25,"column":27}},"14":{"start":{"line":28,"column":0},"end":{"line":32,"column":3}},"15":{"start":{"line":29,"column":2},"end":{"line":31,"column":3}},"16":{"start":{"line":30,"column":4},"end":{"line":30,"column":32}},"17":{"start":{"line":34,"column":0},"end":{"line":34,"column":25}},"18":{"start":{"line":35,"column":0},"end":{"line":35,"column":25}},"19":{"start":{"line":37,"column":0},"end":{"line":37,"column":20}}},"fnMap":{"0":{"name":"(anonymous_0)","decl":{"start":{"line":20,"column":10},"end":{"line":20,"column":11}},"loc":{"start":{"line":20,"column":18},"end":{"line":22,"column":3}},"line":20},"1":{"name":"(anonymous_1)","decl":{"start":{"line":23,"column":11},"end":{"line":23,"column":12}},"loc":{"start":{"line":23,"column":19},"end":{"line":26,"column":3}},"line":23},"2":{"name":"(anonymous_2)","decl":{"start":{"line":28,"column":24},"end":{"line":28,"column":25}},"loc":{"start":{"line":28,"column":37},"end":{"line":32,"column":1}},"line":28}},"branchMap":{"0":{"loc":{"start":{"line":7,"column":12},"end":{"line":7,"column":49}},"type":"binary-expr","locations":[{"start":{"line":7,"column":12},"end":{"line":7,"column":32}},{"start":{"line":7,"column":36},"end":{"line":7,"column":49}}],"line":7},"1":{"loc":{"start":{"line":12,"column":0},"end":{"line":16,"column":1}},"type":"if","locations":[{"start":{"line":12,"column":0},"end":{"line":16,"column":1}},{"start":{"line":12,"column":0},"end":{"line":16,"column":1}}],"line":12},"2":{"loc":{"start":{"line":21,"column":11},"end":{"line":21,"column":89}},"type":"binary-expr","locations":[{"start":{"line":21,"column":12},"end":{"line":21,"column":35}},{"start":{"line":21,"column":41},"end":{"line":21,"column":58}},{"start":{"line":21,"column":64},"end":{"line":21,"column":88}}],"line":21},"3":{"loc":{"start":{"line":29,"column":2},"end":{"line":31,"column":3}},"type":"if","locations":[{"start":{"line":29,"column":2},"end":{"line":31,"column":3}},{"start":{"line":29,"column":2},"end":{"line":31,"column":3}}],"line":29}},"s":{"0":4,"1":4,"2":4,"3":4,"4":4,"5":4,"6":4,"7":4,"8":0,"9":4,"10":4,"11":24,"12":20,"13":20,"14":4,"15":20,"16":20,"17":4,"18":4,"19":4},"f":{"0":24,"1":20,"2":20},"b":{"0":[4,0],"1":[0,4],"2":[24,24,20],"3":[20,0]},"_coverageSchema":"1a1c01bbd47fc00a2c39e90264f33305004495a9","hash":"8519433e8f04b91130d91ce970193b4d67a64544"}
,"/home/basiliuswicaksono/AA-Hacktiv8/Phase_3/Final project/Q/server/models/outlet.js": {"path":"/home/basiliuswicaksono/AA-Hacktiv8/Phase_3/Final project/Q/server/models/outlet.js","statementMap":{"0":{"start":{"line":2,"column":18},"end":{"line":2,"column":38}},"1":{"start":{"line":3,"column":0},"end":{"line":58,"column":2}},"2":{"start":{"line":11,"column":3},"end":{"line":11,"column":34}},"3":{"start":{"line":12,"column":3},"end":{"line":12,"column":68}},"4":{"start":{"line":13,"column":3},"end":{"line":13,"column":32}},"5":{"start":{"line":14,"column":3},"end":{"line":14,"column":33}},"6":{"start":{"line":17,"column":1},"end":{"line":56,"column":3}},"7":{"start":{"line":57,"column":1},"end":{"line":57,"column":15}}},"fnMap":{"0":{"name":"(anonymous_0)","decl":{"start":{"line":3,"column":17},"end":{"line":3,"column":18}},"loc":{"start":{"line":3,"column":43},"end":{"line":58,"column":1}},"line":3},"1":{"name":"(anonymous_1)","decl":{"start":{"line":10,"column":2},"end":{"line":10,"column":3}},"loc":{"start":{"line":10,"column":27},"end":{"line":15,"column":3}},"line":10}},"branchMap":{},"s":{"0":4,"1":4,"2":4,"3":4,"4":4,"5":4,"6":4,"7":4},"f":{"0":4,"1":4},"b":{},"_coverageSchema":"1a1c01bbd47fc00a2c39e90264f33305004495a9","hash":"0aa292cbfc74e73193bdbe040bfb8045e69cc786"}
,"/home/basiliuswicaksono/AA-Hacktiv8/Phase_3/Final project/Q/server/models/queue.js": {"path":"/home/basiliuswicaksono/AA-Hacktiv8/Phase_3/Final project/Q/server/models/queue.js","statementMap":{"0":{"start":{"line":4,"column":4},"end":{"line":4,"column":24}},"1":{"start":{"line":5,"column":0},"end":{"line":44,"column":2}},"2":{"start":{"line":13,"column":6},"end":{"line":13,"column":38}},"3":{"start":{"line":14,"column":6},"end":{"line":14,"column":36}},"4":{"start":{"line":17,"column":2},"end":{"line":42,"column":5}},"5":{"start":{"line":43,"column":2},"end":{"line":43,"column":15}}},"fnMap":{"0":{"name":"(anonymous_0)","decl":{"start":{"line":5,"column":17},"end":{"line":5,"column":18}},"loc":{"start":{"line":5,"column":43},"end":{"line":44,"column":1}},"line":5},"1":{"name":"(anonymous_1)","decl":{"start":{"line":12,"column":4},"end":{"line":12,"column":5}},"loc":{"start":{"line":12,"column":29},"end":{"line":15,"column":5}},"line":12}},"branchMap":{},"s":{"0":4,"1":4,"2":4,"3":4,"4":4,"5":4},"f":{"0":4,"1":4},"b":{},"_coverageSchema":"1a1c01bbd47fc00a2c39e90264f33305004495a9","hash":"cc1fe98190215ddcd3beec96f3151e5423002d81"}
,"/home/basiliuswicaksono/AA-Hacktiv8/Phase_3/Final project/Q/server/routes/AdminRoute.js": {"path":"/home/basiliuswicaksono/AA-Hacktiv8/Phase_3/Final project/Q/server/routes/AdminRoute.js","statementMap":{"0":{"start":{"line":1,"column":15},"end":{"line":1,"column":42}},"1":{"start":{"line":2,"column":24},"end":{"line":2,"column":65}},"2":{"start":{"line":3,"column":32},"end":{"line":3,"column":72}},"3":{"start":{"line":4,"column":31},"end":{"line":4,"column":70}},"4":{"start":{"line":6,"column":0},"end":{"line":6,"column":55}},"5":{"start":{"line":7,"column":0},"end":{"line":7,"column":49}},"6":{"start":{"line":8,"column":0},"end":{"line":8,"column":106}},"7":{"start":{"line":9,"column":0},"end":{"line":9,"column":59}},"8":{"start":{"line":11,"column":0},"end":{"line":11,"column":23}}},"fnMap":{},"branchMap":{},"s":{"0":4,"1":4,"2":4,"3":4,"4":4,"5":4,"6":4,"7":4,"8":4},"f":{},"b":{},"_coverageSchema":"1a1c01bbd47fc00a2c39e90264f33305004495a9","hash":"7b271b5fbb5488f14604f8a0294156caf8770756"}
,"/home/basiliuswicaksono/AA-Hacktiv8/Phase_3/Final project/Q/server/routes/CustomerRoute.js": {"path":"/home/basiliuswicaksono/AA-Hacktiv8/Phase_3/Final project/Q/server/routes/CustomerRoute.js","statementMap":{"0":{"start":{"line":1,"column":15},"end":{"line":1,"column":42}},"1":{"start":{"line":2,"column":27},"end":{"line":2,"column":71}},"2":{"start":{"line":4,"column":0},"end":{"line":4,"column":48}},"3":{"start":{"line":5,"column":0},"end":{"line":5,"column":54}},"4":{"start":{"line":7,"column":0},"end":{"line":7,"column":24}}},"fnMap":{},"branchMap":{},"s":{"0":4,"1":4,"2":4,"3":4,"4":4},"f":{},"b":{},"_coverageSchema":"1a1c01bbd47fc00a2c39e90264f33305004495a9","hash":"91db4cc095d9a486437e6f0732c7974d277b5d99"}
,"/home/basiliuswicaksono/AA-Hacktiv8/Phase_3/Final project/Q/server/routes/NotificationRoute.js": {"path":"/home/basiliuswicaksono/AA-Hacktiv8/Phase_3/Final project/Q/server/routes/NotificationRoute.js","statementMap":{"0":{"start":{"line":1,"column":15},"end":{"line":1,"column":42}},"1":{"start":{"line":2,"column":31},"end":{"line":2,"column":79}},"2":{"start":{"line":4,"column":0},"end":{"line":4,"column":57}},"3":{"start":{"line":6,"column":0},"end":{"line":6,"column":24}}},"fnMap":{},"branchMap":{},"s":{"0":4,"1":4,"2":4,"3":4},"f":{},"b":{},"_coverageSchema":"1a1c01bbd47fc00a2c39e90264f33305004495a9","hash":"9ff96d7470e9fdfb45eea1c5c586c452b42df1ef"}
,"/home/basiliuswicaksono/AA-Hacktiv8/Phase_3/Final project/Q/server/routes/OutletRoute.js": {"path":"/home/basiliuswicaksono/AA-Hacktiv8/Phase_3/Final project/Q/server/routes/OutletRoute.js","statementMap":{"0":{"start":{"line":1,"column":15},"end":{"line":1,"column":42}},"1":{"start":{"line":2,"column":25},"end":{"line":2,"column":67}},"2":{"start":{"line":3,"column":56},"end":{"line":3,"column":96}},"3":{"start":{"line":4,"column":31},"end":{"line":4,"column":70}},"4":{"start":{"line":6,"column":0},"end":{"line":6,"column":73}},"5":{"start":{"line":7,"column":0},"end":{"line":7,"column":31}},"6":{"start":{"line":8,"column":0},"end":{"line":8,"column":51}},"7":{"start":{"line":9,"column":0},"end":{"line":9,"column":67}},"8":{"start":{"line":10,"column":0},"end":{"line":10,"column":64}},"9":{"start":{"line":11,"column":0},"end":{"line":11,"column":67}},"10":{"start":{"line":12,"column":0},"end":{"line":12,"column":72}},"11":{"start":{"line":14,"column":0},"end":{"line":14,"column":23}}},"fnMap":{},"branchMap":{},"s":{"0":4,"1":4,"2":4,"3":4,"4":4,"5":4,"6":4,"7":4,"8":4,"9":4,"10":4,"11":4},"f":{},"b":{},"_coverageSchema":"1a1c01bbd47fc00a2c39e90264f33305004495a9","hash":"521758645afc749fcf76ab155f33f0aae736c2f1"}
,"/home/basiliuswicaksono/AA-Hacktiv8/Phase_3/Final project/Q/server/routes/QueueRoute.js": {"path":"/home/basiliuswicaksono/AA-Hacktiv8/Phase_3/Final project/Q/server/routes/QueueRoute.js","statementMap":{"0":{"start":{"line":1,"column":15},"end":{"line":1,"column":42}},"1":{"start":{"line":2,"column":24},"end":{"line":2,"column":65}},"2":{"start":{"line":3,"column":58},"end":{"line":3,"column":98}},"3":{"start":{"line":4,"column":61},"end":{"line":4,"column":100}},"4":{"start":{"line":6,"column":0},"end":{"line":6,"column":98}},"5":{"start":{"line":7,"column":0},"end":{"line":7,"column":97}},"6":{"start":{"line":8,"column":0},"end":{"line":8,"column":98}},"7":{"start":{"line":9,"column":0},"end":{"line":9,"column":97}},"8":{"start":{"line":10,"column":0},"end":{"line":10,"column":100}},"9":{"start":{"line":12,"column":0},"end":{"line":12,"column":23}}},"fnMap":{},"branchMap":{},"s":{"0":4,"1":4,"2":4,"3":4,"4":4,"5":4,"6":4,"7":4,"8":4,"9":4},"f":{},"b":{},"_coverageSchema":"1a1c01bbd47fc00a2c39e90264f33305004495a9","hash":"514c7551429c19d6854f5b2944923a2026bad9e5"}
,"/home/basiliuswicaksono/AA-Hacktiv8/Phase_3/Final project/Q/server/routes/index.js": {"path":"/home/basiliuswicaksono/AA-Hacktiv8/Phase_3/Final project/Q/server/routes/index.js","statementMap":{"0":{"start":{"line":1,"column":15},"end":{"line":1,"column":42}},"1":{"start":{"line":2,"column":14},"end":{"line":2,"column":37}},"2":{"start":{"line":3,"column":17},"end":{"line":3,"column":43}},"3":{"start":{"line":4,"column":15},"end":{"line":4,"column":39}},"4":{"start":{"line":5,"column":14},"end":{"line":5,"column":37}},"5":{"start":{"line":6,"column":21},"end":{"line":6,"column":51}},"6":{"start":{"line":8,"column":0},"end":{"line":8,"column":28}},"7":{"start":{"line":9,"column":0},"end":{"line":9,"column":34}},"8":{"start":{"line":10,"column":0},"end":{"line":10,"column":30}},"9":{"start":{"line":11,"column":0},"end":{"line":11,"column":28}},"10":{"start":{"line":12,"column":0},"end":{"line":12,"column":41}},"11":{"start":{"line":14,"column":0},"end":{"line":14,"column":23}}},"fnMap":{},"branchMap":{},"s":{"0":4,"1":4,"2":4,"3":4,"4":4,"5":4,"6":4,"7":4,"8":4,"9":4,"10":4,"11":4},"f":{},"b":{},"_coverageSchema":"1a1c01bbd47fc00a2c39e90264f33305004495a9","hash":"ecba54e9af381e8c6165a8b2337ffd66a99673c3"}
}
