TN:
SF:app.js
FNF:0
FNH:0
DA:1,4
DA:2,4
DA:4,4
DA:5,4
DA:6,4
DA:7,4
DA:9,4
DA:10,4
DA:12,4
DA:13,4
DA:14,4
DA:15,4
DA:16,4
DA:18,4
LF:14
LH:14
BRDA:1,0,0,4
BRDA:1,0,1,0
BRDA:9,1,0,4
BRDA:9,1,1,4
BRF:4
BRH:3
end_of_record
TN:
SF:firebaseInit.js
FNF:0
FNH:0
DA:3,4
DA:4,4
DA:15,4
DA:20,4
DA:22,4
LF:5
LH:5
BRF:0
BRH:0
end_of_record
TN:
SF:notify.js
FN:3,(anonymous_0)
FN:8,(anonymous_1)
FN:10,(anonymous_2)
FN:12,(anonymous_3)
FN:19,(anonymous_4)
FNF:5
FNH:0
FNDA:0,(anonymous_0)
FNDA:0,(anonymous_1)
FNDA:0,(anonymous_2)
FNDA:0,(anonymous_3)
FNDA:0,(anonymous_4)
DA:1,4
DA:3,4
DA:6,0
DA:10,0
DA:12,0
DA:14,0
DA:20,0
DA:24,4
LF:8
LH:3
BRF:0
BRH:0
end_of_record
TN:
SF:controllers/AdminController.js
FN:6,(anonymous_0)
FN:10,(anonymous_1)
FN:19,(anonymous_2)
FN:22,(anonymous_3)
FN:44,(anonymous_4)
FN:49,(anonymous_5)
FN:54,(anonymous_6)
FN:57,(anonymous_7)
FNF:8
FNH:8
FNDA:4,(anonymous_0)
FNDA:1,(anonymous_1)
FNDA:4,(anonymous_2)
FNDA:4,(anonymous_3)
FNDA:1,(anonymous_4)
FNDA:1,(anonymous_5)
FNDA:2,(anonymous_6)
FNDA:2,(anonymous_7)
DA:1,4
DA:2,4
DA:3,4
DA:7,4
DA:8,4
DA:9,4
DA:11,1
DA:15,1
DA:20,4
DA:21,4
DA:23,4
DA:24,3
DA:30,1
DA:35,1
DA:36,1
DA:37,1
DA:45,1
DA:46,1
DA:47,1
DA:48,1
DA:50,1
DA:55,2
DA:56,2
DA:58,2
DA:59,1
DA:65,1
DA:71,1
DA:72,1
DA:73,1
DA:82,4
LF:30
LH:30
BRDA:23,0,0,3
BRDA:23,0,1,1
BRDA:23,1,0,4
BRDA:23,1,1,1
BRDA:58,2,0,1
BRDA:58,2,1,1
BRDA:58,3,0,2
BRDA:58,3,1,2
BRF:8
BRH:8
end_of_record
TN:
SF:controllers/CustomerController.js
FN:6,(anonymous_0)
FN:9,(anonymous_1)
FN:14,(anonymous_2)
FN:17,(anonymous_3)
FNF:4
FNH:4
FNDA:4,(anonymous_0)
FNDA:1,(anonymous_1)
FNDA:4,(anonymous_2)
FNDA:4,(anonymous_3)
DA:1,4
DA:2,4
DA:3,4
DA:7,4
DA:8,4
DA:10,1
DA:15,4
DA:16,4
DA:18,4
DA:19,2
DA:20,2
DA:21,1
DA:26,1
DA:27,1
DA:33,4
LF:15
LH:15
BRDA:18,0,0,2
BRDA:18,0,1,2
BRDA:20,1,0,1
BRDA:20,1,1,1
BRF:4
BRH:4
end_of_record
TN:
SF:controllers/NotificationController.js
FN:4,(anonymous_0)
FN:16,(anonymous_1)
FNF:2
FNH:0
FNDA:0,(anonymous_0)
FNDA:0,(anonymous_1)
DA:1,4
DA:5,0
DA:7,0
DA:9,0
DA:11,0
DA:16,0
DA:17,0
DA:21,0
DA:25,4
LF:9
LH:2
BRF:0
BRH:0
end_of_record
TN:
SF:controllers/OutletController.js
FN:4,(anonymous_0)
FN:6,(anonymous_1)
FN:11,(anonymous_2)
FN:14,(anonymous_3)
FN:19,(anonymous_4)
FN:22,(anonymous_5)
FN:28,(anonymous_6)
FN:33,(anonymous_7)
FN:38,(anonymous_8)
FN:43,(anonymous_9)
FN:46,(anonymous_10)
FN:52,(anonymous_11)
FN:55,(anonymous_12)
FNF:13
FNH:13
FNDA:1,(anonymous_0)
FNDA:1,(anonymous_1)
FNDA:1,(anonymous_2)
FNDA:1,(anonymous_3)
FNDA:2,(anonymous_4)
FNDA:2,(anonymous_5)
FNDA:2,(anonymous_6)
FNDA:1,(anonymous_7)
FNDA:2,(anonymous_8)
FNDA:2,(anonymous_9)
FNDA:2,(anonymous_10)
FNDA:2,(anonymous_11)
FNDA:2,(anonymous_12)
DA:1,4
DA:5,1
DA:7,1
DA:12,1
DA:13,1
DA:15,1
DA:20,2
DA:21,2
DA:23,2
DA:24,1
DA:29,2
DA:30,2
DA:31,2
DA:32,2
DA:34,1
DA:39,2
DA:40,2
DA:41,2
DA:42,2
DA:44,2
DA:47,2
DA:48,1
DA:53,2
DA:54,2
DA:56,2
DA:57,1
DA:58,1
DA:64,4
LF:28
LH:28
BRDA:23,0,0,1
BRDA:23,0,1,1
BRDA:47,1,0,1
BRDA:47,1,1,1
BRDA:56,2,0,1
BRDA:56,2,1,1
BRF:6
BRH:6
end_of_record
TN:
SF:controllers/QueueController.js
FN:7,(anonymous_0)
FN:16,(anonymous_1)
FN:20,(anonymous_2)
FN:22,(anonymous_3)
FN:25,(anonymous_4)
FN:28,(anonymous_5)
FN:30,(anonymous_6)
FN:40,(anonymous_7)
FN:44,(anonymous_8)
FN:57,(anonymous_9)
FN:59,(anonymous_10)
FN:71,(anonymous_11)
FN:84,(anonymous_12)
FN:95,(anonymous_13)
FN:97,(anonymous_14)
FN:106,(anonymous_15)
FN:111,(anonymous_16)
FN:115,(anonymous_17)
FN:124,(anonymous_18)
FN:137,(anonymous_19)
FN:144,(anonymous_20)
FN:149,(anonymous_21)
FN:152,(anonymous_22)
FN:156,(anonymous_23)
FN:159,(anonymous_24)
FNF:25
FNH:20
FNDA:1,(anonymous_0)
FNDA:1,(anonymous_1)
FNDA:0,(anonymous_2)
FNDA:1,(anonymous_3)
FNDA:1,(anonymous_4)
FNDA:0,(anonymous_5)
FNDA:1,(anonymous_6)
FNDA:1,(anonymous_7)
FNDA:1,(anonymous_8)
FNDA:0,(anonymous_9)
FNDA:1,(anonymous_10)
FNDA:1,(anonymous_11)
FNDA:1,(anonymous_12)
FNDA:0,(anonymous_13)
FNDA:2,(anonymous_14)
FNDA:2,(anonymous_15)
FNDA:1,(anonymous_16)
FNDA:1,(anonymous_17)
FNDA:2,(anonymous_18)
FNDA:0,(anonymous_19)
FNDA:1,(anonymous_20)
FNDA:2,(anonymous_21)
FNDA:2,(anonymous_22)
FNDA:1,(anonymous_23)
FNDA:1,(anonymous_24)
DA:1,4
DA:2,4
DA:3,4
DA:4,4
DA:8,1
DA:9,1
DA:18,1
DA:20,0
DA:23,1
DA:24,1
DA:26,1
DA:28,0
DA:31,1
DA:32,1
DA:33,1
DA:43,1
DA:44,1
DA:46,1
DA:47,1
DA:48,1
DA:55,1
DA:57,0
DA:60,1
DA:61,1
DA:62,1
DA:63,1
DA:64,1
DA:65,1
DA:66,1
DA:67,1
DA:68,1
DA:70,1
DA:72,1
DA:73,1
DA:74,1
DA:75,1
DA:76,1
DA:85,1
DA:86,1
DA:93,1
DA:95,0
DA:98,2
DA:99,2
DA:100,2
DA:104,2
DA:105,2
DA:107,2
DA:108,1
DA:109,1
DA:112,1
DA:113,1
DA:116,1
DA:118,1
DA:119,1
DA:121,1
DA:122,1
DA:124,2
DA:125,1
DA:127,1
DA:132,1
DA:137,1
DA:138,0
DA:139,0
DA:140,0
DA:144,1
DA:146,0
DA:150,2
DA:151,2
DA:153,2
DA:154,1
DA:157,1
DA:159,1
DA:163,4
LF:73
LH:65
BRDA:104,0,0,2
BRDA:104,0,1,0
BRDA:107,1,0,1
BRDA:107,1,1,1
BRDA:108,2,0,0
BRDA:108,2,1,1
BRDA:139,3,0,0
BRDA:139,3,1,0
BRDA:153,4,0,1
BRDA:153,4,1,1
BRF:10
BRH:6
end_of_record
TN:
SF:helper/bcrypt.js
FN:3,hashPass
FN:8,comparePass
FNF:2
FNH:2
FNDA:3,hashPass
FNDA:9,comparePass
DA:1,4
DA:4,3
DA:5,3
DA:9,9
DA:12,4
LF:5
LH:5
BRF:0
BRH:0
end_of_record
TN:
SF:helper/jwt.js
FN:3,generateToken
FN:7,verifyToken
FNF:2
FNH:2
FNDA:8,generateToken
FNDA:33,verifyToken
DA:1,4
DA:4,8
DA:8,33
DA:11,4
LF:4
LH:4
BRF:0
BRH:0
end_of_record
TN:
SF:helper/uniqueCodeGen.js
FN:3,uniqueCodeGenerator
FNF:1
FNH:1
FNDA:1,uniqueCodeGenerator
DA:1,4
DA:4,1
DA:5,1
DA:6,5
DA:8,1
DA:9,1
DA:12,4
LF:7
LH:7
BRF:0
BRH:0
end_of_record
TN:
SF:middlewares/authentication.js
FN:4,adminAuthentication
FN:18,cashierAuthentication
FN:32,customerAuthentication
FNF:3
FNH:3
FNDA:16,adminAuthentication
FNDA:7,cashierAuthentication
FNDA:7,customerAuthentication
DA:1,4
DA:2,4
DA:5,16
DA:6,16
DA:7,16
DA:8,10
DA:11,10
DA:12,10
DA:13,10
DA:15,6
DA:19,7
DA:20,7
DA:21,7
DA:22,5
DA:25,5
DA:26,5
DA:27,5
DA:29,2
DA:33,7
DA:34,7
DA:35,7
DA:36,4
DA:39,4
DA:40,4
DA:41,4
DA:43,3
DA:47,4
LF:27
LH:27
BRDA:11,0,0,0
BRDA:11,0,1,10
BRDA:25,1,0,0
BRDA:25,1,1,5
BRDA:39,2,0,0
BRDA:39,2,1,4
BRF:6
BRH:3
end_of_record
TN:
SF:middlewares/authorization.js
FN:1,adminAuthorization
FN:8,adminCashierAuthorization
FN:15,customerAuthorization
FNF:3
FNH:3
FNDA:9,adminAuthorization
FNDA:4,adminCashierAuthorization
FNDA:3,customerAuthorization
DA:2,9
DA:3,9
DA:9,4
DA:10,4
DA:16,3
DA:17,3
DA:23,4
LF:7
LH:7
BRDA:2,0,0,9
BRDA:2,0,1,0
BRDA:9,1,0,4
BRDA:9,1,1,0
BRDA:9,2,0,4
BRDA:9,2,1,4
BRDA:16,3,0,3
BRDA:16,3,1,0
BRF:8
BRH:5
end_of_record
TN:
SF:middlewares/errHandler.js
FN:1,errHandler
FN:14,(anonymous_1)
FNF:2
FNH:2
FNDA:30,errHandler
FNDA:9,(anonymous_1)
DA:2,30
DA:3,30
DA:4,30
DA:7,30
DA:9,11
DA:10,11
DA:11,11
DA:13,7
DA:14,7
DA:15,9
DA:17,7
DA:19,4
DA:20,4
DA:21,4
DA:22,4
DA:50,8
DA:51,8
DA:53,30
DA:58,4
LF:19
LH:19
BRDA:7,0,0,11
BRDA:7,0,1,7
BRDA:7,0,2,4
BRDA:7,0,3,8
BRDA:50,1,0,8
BRDA:50,1,1,0
BRDA:51,2,0,8
BRDA:51,2,1,0
BRF:8
BRH:6
end_of_record
TN:
SF:models/admin.js
FN:4,(anonymous_0)
FN:11,(anonymous_1)
FN:63,(anonymous_2)
FNF:3
FNH:3
FNDA:4,(anonymous_0)
FNDA:4,(anonymous_1)
FNDA:1,(anonymous_2)
DA:2,4
DA:3,4
DA:4,4
DA:12,4
DA:15,4
DA:64,1
DA:69,4
LF:7
LH:7
BRF:0
BRH:0
end_of_record
TN:
SF:models/cashier.js
FN:6,(anonymous_0)
FN:13,(anonymous_1)
FN:64,(anonymous_2)
FNF:3
FNH:3
FNDA:4,(anonymous_0)
FNDA:4,(anonymous_1)
FNDA:1,(anonymous_2)
DA:4,4
DA:5,4
DA:6,4
DA:14,4
DA:17,4
DA:65,1
DA:70,4
LF:7
LH:7
BRF:0
BRH:0
end_of_record
TN:
SF:models/customer.js
FN:6,(anonymous_0)
FN:13,(anonymous_1)
FN:74,(anonymous_2)
FNF:3
FNH:3
FNDA:4,(anonymous_0)
FNDA:4,(anonymous_1)
FNDA:1,(anonymous_2)
DA:4,4
DA:5,4
DA:6,4
DA:14,4
DA:15,4
DA:18,4
DA:75,1
DA:82,4
LF:8
LH:8
BRF:0
BRH:0
end_of_record
TN:
SF:models/index.js
FN:20,(anonymous_0)
FN:23,(anonymous_1)
FN:28,(anonymous_2)
FNF:3
FNH:3
FNDA:24,(anonymous_0)
FNDA:20,(anonymous_1)
FNDA:20,(anonymous_2)
DA:3,4
DA:4,4
DA:5,4
DA:6,4
DA:7,4
DA:8,4
DA:9,4
DA:12,4
DA:13,0
DA:15,4
DA:18,4
DA:21,24
DA:24,20
DA:25,20
DA:28,4
DA:29,20
DA:30,20
DA:34,4
DA:35,4
DA:37,4
LF:20
LH:19
BRDA:7,0,0,4
BRDA:7,0,1,0
BRDA:12,1,0,0
BRDA:12,1,1,4
BRDA:21,2,0,24
BRDA:21,2,1,24
BRDA:21,2,2,20
BRDA:29,3,0,20
BRDA:29,3,1,0
BRF:9
BRH:6
end_of_record
TN:
SF:models/outlet.js
FN:3,(anonymous_0)
FN:10,(anonymous_1)
FNF:2
FNH:2
FNDA:4,(anonymous_0)
FNDA:4,(anonymous_1)
DA:2,4
DA:3,4
DA:11,4
DA:12,4
DA:13,4
DA:14,4
DA:17,4
DA:57,4
LF:8
LH:8
BRF:0
BRH:0
end_of_record
TN:
SF:models/queue.js
FN:5,(anonymous_0)
FN:12,(anonymous_1)
FNF:2
FNH:2
FNDA:4,(anonymous_0)
FNDA:4,(anonymous_1)
DA:4,4
DA:5,4
DA:13,4
DA:14,4
DA:17,4
DA:44,4
LF:6
LH:6
BRF:0
BRH:0
end_of_record
TN:
SF:routes/AdminRoute.js
FNF:0
FNH:0
DA:1,4
DA:2,4
DA:3,4
DA:4,4
DA:6,4
DA:7,4
DA:8,4
DA:9,4
DA:11,4
LF:9
LH:9
BRF:0
BRH:0
end_of_record
TN:
SF:routes/CustomerRoute.js
FNF:0
FNH:0
DA:1,4
DA:2,4
DA:4,4
DA:5,4
DA:7,4
LF:5
LH:5
BRF:0
BRH:0
end_of_record
TN:
SF:routes/NotificationRoute.js
FNF:0
FNH:0
DA:1,4
DA:2,4
DA:4,4
DA:6,4
LF:4
LH:4
BRF:0
BRH:0
end_of_record
TN:
SF:routes/OutletRoute.js
FNF:0
FNH:0
DA:1,4
DA:2,4
DA:3,4
DA:4,4
DA:6,4
DA:7,4
DA:8,4
DA:9,4
DA:10,4
DA:11,4
DA:12,4
DA:14,4
LF:12
LH:12
BRF:0
BRH:0
end_of_record
TN:
SF:routes/QueueRoute.js
FNF:0
FNH:0
DA:1,4
DA:2,4
DA:3,4
DA:4,4
DA:6,4
DA:7,4
DA:8,4
DA:9,4
DA:10,4
DA:11,4
DA:13,4
LF:11
LH:11
BRF:0
BRH:0
end_of_record
TN:
SF:routes/index.js
FNF:0
FNH:0
DA:1,4
DA:2,4
DA:3,4
DA:4,4
DA:5,4
DA:6,4
DA:8,4
DA:9,4
DA:10,4
DA:11,4
DA:12,4
DA:14,4
LF:12
LH:12
BRF:0
BRH:0
end_of_record
